Removed Pin From Net: NetName=VIN Pin=C?-2
Removed Pin From Net: NetName=VOUT Pin=C?-2
Change Component Footprint: Designator=C? Old Footprint=RAD-0.3 New Footprint=CAP 1210/3225 - 2.2MM
Change Component Footprint: Designator=C? Old Footprint=RAD-0.3 New Footprint=CAP 1210/3225 - 2.2MM
Change Component Comment : Designator=C? Old Comment=Cap New Comment=4.7uF
Change Component Comment : Designator=C? Old Comment=Cap New Comment=4.7uF
Change component parameters: Designator = "C?"; Footprint = "CAP 1210/3225 - 2.2MM"; UniqueID = "\SNCQMAAY"
Change component parameters. Clean all parameters for all variants
Change component parameters (AddParameter): Name = "ComponentLink1Description"; Value = "Datasheet"; VariantName = "[No Variations]"
Change component parameters (AddParameter): Name = "ComponentLink1URL"; Value = "http://www.murata.com/~/media/webrenewal/support/library/catalog/products/capacitor/mlcc/c03e.ashx"; VariantName = "[No Variations]"
Change component parameters (AddParameter): Name = "ComponentLink2Description"; Value = "Digi-Key Listing"; VariantName = "[No Variations]"
Change component parameters (AddParameter): Name = "ComponentLink2URL"; Value = "https://www.digikey.com/product-detail/en/murata-electronics-north-america/GCM32DR71E475KA55L/490-8063-2-ND/2592481"; VariantName = "[No Variations]"
Change component parameters (AddParameter): Name = "Device Package"; Value = "1210 (3225 Metric)"; VariantName = "[No Variations]"
Change component parameters (AddParameter): Name = "Manufacturer"; Value = "Murata Electronics North America"; VariantName = "[No Variations]"
Change component parameters (AddParameter): Name = "PartId"; Value = "18697"; VariantName = "[No Variations]"
Change component parameters (AddParameter): Name = "Part Number"; Value = "GCM32DR71E475KA55L"; VariantName = "[No Variations]"
Change component parameters (AddParameter): Name = "Price"; Value = "0.428"; VariantName = "[No Variations]"
Change component parameters (AddParameter): Name = "Supplier 1"; Value = "Digi-Key"; VariantName = "[No Variations]"
Change component parameters (AddParameter): Name = "Supplier Part Number 1"; Value = "490-8063-2-ND"; VariantName = "[No Variations]"
Change component parameters (AddParameter): Name = "TemperatureCoefficient"; Value = "X7R"; VariantName = "[No Variations]"
Change component parameters (AddParameter): Name = "TemperatureRange"; Value = "-55C ~ 125C"; VariantName = "[No Variations]"
Change component parameters (AddParameter): Name = "Tolerance"; Value = "10%"; VariantName = "[No Variations]"
Change component parameters (AddParameter): Name = "Value"; Value = "4.7uF"; VariantName = "[No Variations]"
Change component parameters (AddParameter): Name = "Voltage"; Value = "25V"; VariantName = "[No Variations]"
Change component parameters: Designator = "C?"; Footprint = "CAP 1210/3225 - 2.2MM"; UniqueID = "\GIPKOOFL"
Change component parameters. Clean all parameters for all variants
Change component parameters (AddParameter): Name = "ComponentLink1Description"; Value = "Datasheet"; VariantName = "[No Variations]"
Change component parameters (AddParameter): Name = "ComponentLink1URL"; Value = "http://www.murata.com/~/media/webrenewal/support/library/catalog/products/capacitor/mlcc/c03e.ashx"; VariantName = "[No Variations]"
Change component parameters (AddParameter): Name = "ComponentLink2Description"; Value = "Digi-Key Listing"; VariantName = "[No Variations]"
Change component parameters (AddParameter): Name = "ComponentLink2URL"; Value = "https://www.digikey.com/product-detail/en/murata-electronics-north-america/GCM32DR71E475KA55L/490-8063-2-ND/2592481"; VariantName = "[No Variations]"
Change component parameters (AddParameter): Name = "Device Package"; Value = "1210 (3225 Metric)"; VariantName = "[No Variations]"
Change component parameters (AddParameter): Name = "Manufacturer"; Value = "Murata Electronics North America"; VariantName = "[No Variations]"
Change component parameters (AddParameter): Name = "PartId"; Value = "18697"; VariantName = "[No Variations]"
Change component parameters (AddParameter): Name = "Part Number"; Value = "GCM32DR71E475KA55L"; VariantName = "[No Variations]"
Change component parameters (AddParameter): Name = "Price"; Value = "0.428"; VariantName = "[No Variations]"
Change component parameters (AddParameter): Name = "Supplier 1"; Value = "Digi-Key"; VariantName = "[No Variations]"
Change component parameters (AddParameter): Name = "Supplier Part Number 1"; Value = "490-8063-2-ND"; VariantName = "[No Variations]"
Change component parameters (AddParameter): Name = "TemperatureCoefficient"; Value = "X7R"; VariantName = "[No Variations]"
Change component parameters (AddParameter): Name = "TemperatureRange"; Value = "-55C ~ 125C"; VariantName = "[No Variations]"
Change component parameters (AddParameter): Name = "Tolerance"; Value = "10%"; VariantName = "[No Variations]"
Change component parameters (AddParameter): Name = "Value"; Value = "4.7uF"; VariantName = "[No Variations]"
Change component parameters (AddParameter): Name = "Voltage"; Value = "25V"; VariantName = "[No Variations]"
Added Pin To Net: NetName=VIN Pin=C?-2
Added Pin To Net: NetName=VOUT Pin=C?-2
Added Member To Class: ClassName=TX2_PowerBoard Member=Component C? 4.7uF
Added Member To Class: ClassName=TX2_PowerBoard Member=Component R? Res1
Added Member To Class: ClassName=TX2_PowerBoard Member=Component R? Res1
